android-twa/app/build/intermediates/manifest_merge_blame_file/release/processReleaseMainManifest/manifest-merger-blame-release-report.txt
1<?xml version="1.0" encoding="utf-8"?>
2<!--
3    Copyright 2019 Google Inc. All Rights Reserved.
4
5     Licensed under the Apache License, Version 2.0 (the "License");
6     you may not use this file except in compliance with the License.
7     You may obtain a copy of the License at
8
9         http://www.apache.org/licenses/LICENSE-2.0
10
11     Unless required by applicable law or agreed to in writing, software
12     distributed under the License is distributed on an "AS IS" BASIS,
13     WITHOUT WARRANTIES OR CONDITIONS OF ANY KIND, either express or implied.
14     See the License for the specific language governing permissions and
15     limitations under the License.
16-->
17<!--
18 The "package" attribute is rewritten by the Gradle build with the value of applicationId.
19     It is still required here, as it is used to derive paths, for instance when referring
20     to an Activity by ".MyActivity" instead of the full name. If more Activities are added to the
21     application, the package attribute will need to reflect the correct path in order to use
22     the abbreviated format.
23-->
24<manifest xmlns:android="http://schemas.android.com/apk/res/android"
25    package="com_shanmusic.com"
26    android:versionCode="16"
27    android:versionName="16" >
28
29    <uses-sdk
30        android:minSdkVersion="21"
31        android:targetSdkVersion="36" />
32
33    <uses-permission android:name="android.permission.POST_NOTIFICATIONS" />
33-->src\main\AndroidManifest.xml:25:9-80
33-->src\main\AndroidManifest.xml:25:26-78
34    <uses-permission android:name="android.permission.INTERNET" />
34-->src\main\AndroidManifest.xml:26:5-66
34-->src\main\AndroidManifest.xml:26:22-64
35
36    <queries>
36-->src\main\AndroidManifest.xml:28:5-33:15
37        <intent>
37-->src\main\AndroidManifest.xml:29:9-32:18
38            <action android:name="android.intent.action.VIEW" />
38-->src\main\AndroidManifest.xml:30:13-65
38-->src\main\AndroidManifest.xml:30:21-62
39
40            <data android:scheme="shansmusic" />
40-->src\main\AndroidManifest.xml:31:13-49
40-->src\main\AndroidManifest.xml:31:19-46
41        </intent>
42        <intent>
42-->[com.google.androidbrowserhelper:androidbrowserhelper:2.6.2] AndroidManifest.xml:23:9-29:18
43            <action android:name="android.intent.action.VIEW" />
43-->src\main\AndroidManifest.xml:30:13-65
43-->src\main\AndroidManifest.xml:30:21-62
44
45            <category android:name="android.intent.category.BROWSABLE" />
45-->src\main\AndroidManifest.xml:157:17-77
45-->src\main\AndroidManifest.xml:157:27-75
46
47            <data android:scheme="https" />
47-->src\main\AndroidManifest.xml:31:13-49
47-->src\main\AndroidManifest.xml:31:19-46
48        </intent>
49    </queries>
50
51    <permission
51-->[androidx.core:core:1.13.0] AndroidManifest.xml:22:5-24:47
52        android:name="com_shanmusic.com.DYNAMIC_RECEIVER_NOT_EXPORTED_PERMISSION"
52-->[androidx.core:core:1.13.0] AndroidManifest.xml:23:9-81
53        android:protectionLevel="signature" />
53-->[androidx.core:core:1.13.0] AndroidManifest.xml:24:9-44
54
55    <uses-permission android:name="com_shanmusic.com.DYNAMIC_RECEIVER_NOT_EXPORTED_PERMISSION" />
55-->[androidx.core:core:1.13.0] AndroidManifest.xml:26:5-97
55-->[androidx.core:core:1.13.0] AndroidManifest.xml:26:22-94
56
57    <application
57-->src\main\AndroidManifest.xml:42:5-245:19
58        android:name="com_shanmusic.com.Application"
58-->src\main\AndroidManifest.xml:43:9-35
59        android:allowBackup="true"
59-->src\main\AndroidManifest.xml:44:9-35
60        android:appComponentFactory="androidx.core.app.CoreComponentFactory"
60-->[androidx.core:core:1.13.0] AndroidManifest.xml:28:18-86
61        android:extractNativeLibs="true"
62        android:icon="@mipmap/ic_launcher"
62-->src\main\AndroidManifest.xml:45:9-43
63        android:label="@string/appName"
63-->src\main\AndroidManifest.xml:46:9-40
64        android:manageSpaceActivity="com.google.androidbrowserhelper.trusted.ManageDataLauncherActivity"
64-->src\main\AndroidManifest.xml:48:9-105
65        android:supportsRtl="true"
65-->src\main\AndroidManifest.xml:50:9-35
66        android:theme="@android:style/Theme.Translucent.NoTitleBar" >
66-->src\main\AndroidManifest.xml:51:9-68
67        <meta-data
67-->src\main\AndroidManifest.xml:53:9-55:58
68            android:name="asset_statements"
68-->src\main\AndroidManifest.xml:54:13-44
69            android:resource="@string/assetStatements" />
69-->src\main\AndroidManifest.xml:55:13-55
70        <meta-data
70-->src\main\AndroidManifest.xml:58:13-60:58
71            android:name="web_manifest_url"
71-->src\main\AndroidManifest.xml:59:17-48
72            android:value="@string/webManifestUrl" />
72-->src\main\AndroidManifest.xml:60:17-55
73        <meta-data
73-->src\main\AndroidManifest.xml:63:9-65:52
74            android:name="twa_generator"
74-->src\main\AndroidManifest.xml:64:13-41
75            android:value="@string/generatorApp" />
75-->src\main\AndroidManifest.xml:65:13-49
76
77        <activity
77-->src\main\AndroidManifest.xml:72:13-83:24
78            android:name="com.google.androidbrowserhelper.trusted.ManageDataLauncherActivity"
78-->src\main\AndroidManifest.xml:72:23-104
79            android:enabled="true"
79-->src\main\AndroidManifest.xml:74:17-39
80            android:excludeFromRecents="true"
80-->src\main\AndroidManifest.xml:75:17-50
81            android:exported="false" >
81-->src\main\AndroidManifest.xml:73:17-41
82            <meta-data
82-->src\main\AndroidManifest.xml:76:17-78:57
83                android:name="android.support.customtabs.trusted.MANAGE_SPACE_URL"
83-->src\main\AndroidManifest.xml:77:21-87
84                android:value="@string/launchUrl" />
84-->src\main\AndroidManifest.xml:78:21-54
85
86            <intent-filter>
86-->src\main\AndroidManifest.xml:79:17-82:33
87                <action android:name="android.intent.action.APPLICATION_PREFERENCES" />
87-->src\main\AndroidManifest.xml:80:21-92
87-->src\main\AndroidManifest.xml:80:29-89
88
89                <category android:name="android.intent.category.DEFAULT" />
89-->src\main\AndroidManifest.xml:81:21-80
89-->src\main\AndroidManifest.xml:81:31-77
90            </intent-filter>
91        </activity>
92        <activity
92-->src\main\AndroidManifest.xml:86:9-167:20
93            android:name="com_shanmusic.com.LauncherActivity"
93-->src\main\AndroidManifest.xml:86:19-50
94            android:alwaysRetainTaskState="true"
94-->src\main\AndroidManifest.xml:87:13-49
95            android:exported="true"
95-->src\main\AndroidManifest.xml:89:13-36
96            android:label="@string/launcherName" >
96-->src\main\AndroidManifest.xml:88:13-49
97            <meta-data
97-->src\main\AndroidManifest.xml:90:13-91:53
98                android:name="android.support.customtabs.trusted.DEFAULT_URL"
98-->src\main\AndroidManifest.xml:90:24-85
99                android:value="@string/launchUrl" />
99-->src\main\AndroidManifest.xml:91:17-50
100            <meta-data
100-->src\main\AndroidManifest.xml:93:13-95:58
101                android:name="android.support.customtabs.trusted.STATUS_BAR_COLOR"
101-->src\main\AndroidManifest.xml:94:17-83
102                android:resource="@color/colorPrimary" />
102-->src\main\AndroidManifest.xml:95:17-55
103            <meta-data
103-->src\main\AndroidManifest.xml:99:13-101:62
104                android:name="android.support.customtabs.trusted.STATUS_BAR_COLOR_DARK"
104-->src\main\AndroidManifest.xml:100:17-88
105                android:resource="@color/colorPrimaryDark" />
105-->src\main\AndroidManifest.xml:101:17-59
106            <meta-data
106-->src\main\AndroidManifest.xml:103:13-105:61
107                android:name="android.support.customtabs.trusted.NAVIGATION_BAR_COLOR"
107-->src\main\AndroidManifest.xml:104:17-87
108                android:resource="@color/navigationColor" />
108-->src\main\AndroidManifest.xml:105:17-58
109            <meta-data
109-->src\main\AndroidManifest.xml:107:13-109:65
110                android:name="android.support.customtabs.trusted.NAVIGATION_BAR_COLOR_DARK"
110-->src\main\AndroidManifest.xml:108:17-92
111                android:resource="@color/navigationColorDark" />
111-->src\main\AndroidManifest.xml:109:17-62
112            <meta-data
112-->src\main\AndroidManifest.xml:111:13-113:68
113                android:name="androix.browser.trusted.NAVIGATION_BAR_DIVIDER_COLOR"
113-->src\main\AndroidManifest.xml:112:17-84
114                android:resource="@color/navigationDividerColor" />
114-->src\main\AndroidManifest.xml:113:17-65
115            <meta-data
115-->src\main\AndroidManifest.xml:115:13-117:72
116                android:name="androix.browser.trusted.NAVIGATION_BAR_DIVIDER_COLOR_DARK"
116-->src\main\AndroidManifest.xml:116:17-89
117                android:resource="@color/navigationDividerColorDark" />
117-->src\main\AndroidManifest.xml:117:17-69
118            <meta-data
118-->src\main\AndroidManifest.xml:119:13-120:54
119                android:name="android.support.customtabs.trusted.SPLASH_IMAGE_DRAWABLE"
119-->src\main\AndroidManifest.xml:119:24-95
120                android:resource="@drawable/splash" />
120-->src\main\AndroidManifest.xml:120:17-52
121            <meta-data
121-->src\main\AndroidManifest.xml:122:13-123:60
122                android:name="android.support.customtabs.trusted.SPLASH_SCREEN_BACKGROUND_COLOR"
122-->src\main\AndroidManifest.xml:122:24-104
123                android:resource="@color/backgroundColor" />
123-->src\main\AndroidManifest.xml:123:17-58
124            <meta-data
124-->src\main\AndroidManifest.xml:125:13-126:71
125                android:name="android.support.customtabs.trusted.SPLASH_SCREEN_FADE_OUT_DURATION"
125-->src\main\AndroidManifest.xml:125:24-105
126                android:value="@integer/splashScreenFadeOutDuration" />
126-->src\main\AndroidManifest.xml:126:17-69
127            <meta-data
127-->src\main\AndroidManifest.xml:128:13-129:60
128                android:name="android.support.customtabs.trusted.FILE_PROVIDER_AUTHORITY"
128-->src\main\AndroidManifest.xml:128:24-97
129                android:value="@string/providerAuthority" />
129-->src\main\AndroidManifest.xml:129:17-58
130            <meta-data
130-->src\main\AndroidManifest.xml:131:13-97
131                android:name="android.app.shortcuts"
131-->src\main\AndroidManifest.xml:131:24-60
132                android:resource="@xml/shortcuts" />
132-->src\main\AndroidManifest.xml:131:61-94
133            <meta-data
133-->src\main\AndroidManifest.xml:133:13-134:56
134                android:name="android.support.customtabs.trusted.FALLBACK_STRATEGY"
134-->src\main\AndroidManifest.xml:133:24-91
135                android:value="@string/fallbackType" />
135-->src\main\AndroidManifest.xml:134:17-53
136            <meta-data
136-->src\main\AndroidManifest.xml:140:13-141:54
137                android:name="android.support.customtabs.trusted.SCREEN_ORIENTATION"
137-->src\main\AndroidManifest.xml:140:24-92
138                android:value="@string/orientation" />
138-->src\main\AndroidManifest.xml:141:17-52
139
140            <intent-filter>
140-->src\main\AndroidManifest.xml:149:13-152:29
141                <action android:name="android.intent.action.MAIN" />
141-->src\main\AndroidManifest.xml:150:17-69
141-->src\main\AndroidManifest.xml:150:25-66
142
143                <category android:name="android.intent.category.LAUNCHER" />
143-->src\main\AndroidManifest.xml:151:17-77
143-->src\main\AndroidManifest.xml:151:27-74
144            </intent-filter>
145            <intent-filter android:autoVerify="true" >
145-->src\main\AndroidManifest.xml:154:13-162:29
145-->src\main\AndroidManifest.xml:154:28-53
146                <action android:name="android.intent.action.VIEW" />
146-->src\main\AndroidManifest.xml:30:13-65
146-->src\main\AndroidManifest.xml:30:21-62
147
148                <category android:name="android.intent.category.DEFAULT" />
148-->src\main\AndroidManifest.xml:81:21-80
148-->src\main\AndroidManifest.xml:81:31-77
149                <category android:name="android.intent.category.BROWSABLE" />
149-->src\main\AndroidManifest.xml:157:17-77
149-->src\main\AndroidManifest.xml:157:27-75
150
151                <data
151-->src\main\AndroidManifest.xml:31:13-49
152                    android:host="@string/hostName"
152-->src\main\AndroidManifest.xml:159:21-52
153                    android:pathPrefix="/"
153-->src\main\AndroidManifest.xml:160:21-43
154                    android:scheme="https" />
154-->src\main\AndroidManifest.xml:31:19-46
155            </intent-filter>
156        </activity>
157        <activity android:name="com.google.androidbrowserhelper.trusted.FocusActivity" />
157-->src\main\AndroidManifest.xml:169:9-90
157-->src\main\AndroidManifest.xml:169:19-87
158        <activity
158-->src\main\AndroidManifest.xml:171:9-172:62
159            android:name="com.google.androidbrowserhelper.trusted.WebViewFallbackActivity"
159-->src\main\AndroidManifest.xml:171:19-97
160            android:configChanges="orientation|screenSize" />
160-->src\main\AndroidManifest.xml:172:13-59
161
162        <provider
162-->src\main\AndroidManifest.xml:174:9-182:20
163            android:name="androidx.core.content.FileProvider"
163-->src\main\AndroidManifest.xml:175:13-62
164            android:authorities="@string/providerAuthority"
164-->src\main\AndroidManifest.xml:176:13-60
165            android:exported="false"
165-->src\main\AndroidManifest.xml:178:13-37
166            android:grantUriPermissions="true" >
166-->src\main\AndroidManifest.xml:177:13-47
167            <meta-data
167-->src\main\AndroidManifest.xml:179:13-181:53
168                android:name="android.support.FILE_PROVIDER_PATHS"
168-->src\main\AndroidManifest.xml:180:17-67
169                android:resource="@xml/filepaths" />
169-->src\main\AndroidManifest.xml:181:17-50
170        </provider>
171
172        <service
172-->src\main\AndroidManifest.xml:184:9-199:19
173            android:name="com_shanmusic.com.DelegationService"
173-->src\main\AndroidManifest.xml:185:13-46
174            android:enabled="@bool/enableNotification"
174-->src\main\AndroidManifest.xml:186:13-55
175            android:exported="@bool/enableNotification" >
175-->src\main\AndroidManifest.xml:187:13-56
176            <meta-data
176-->src\main\AndroidManifest.xml:190:17-192:73
177                android:name="android.support.customtabs.trusted.SMALL_ICON"
177-->src\main\AndroidManifest.xml:191:21-81
178                android:resource="@drawable/ic_notification_icon" />
178-->src\main\AndroidManifest.xml:192:21-70
179
180            <intent-filter>
180-->src\main\AndroidManifest.xml:195:13-198:29
181                <action android:name="android.support.customtabs.trusted.TRUSTED_WEB_ACTIVITY_SERVICE" />
181-->src\main\AndroidManifest.xml:196:17-105
181-->src\main\AndroidManifest.xml:196:25-103
182
183                <category android:name="android.intent.category.DEFAULT" />
183-->src\main\AndroidManifest.xml:81:21-80
183-->src\main\AndroidManifest.xml:81:31-77
184            </intent-filter>
185        </service>
186
187        <activity android:name="com.google.androidbrowserhelper.trusted.NotificationPermissionRequestActivity" />
187-->src\main\AndroidManifest.xml:202:13-118
187-->src\main\AndroidManifest.xml:202:23-115
188        <activity
188-->src\main\AndroidManifest.xml:204:9-220:20
189            android:name="com_shanmusic.com.WidgetBridgeActivity"
189-->src\main\AndroidManifest.xml:205:13-49
190            android:excludeFromRecents="true"
190-->src\main\AndroidManifest.xml:207:13-46
191            android:exported="true"
191-->src\main\AndroidManifest.xml:206:13-36
192            android:noHistory="true"
192-->src\main\AndroidManifest.xml:208:13-37
193            android:taskAffinity=""
193-->src\main\AndroidManifest.xml:209:13-36
194            android:theme="@android:style/Theme.Translucent.NoTitleBar" >
194-->src\main\AndroidManifest.xml:210:13-72
195            <intent-filter>
195-->src\main\AndroidManifest.xml:211:13-219:29
196                <action android:name="android.intent.action.VIEW" />
196-->src\main\AndroidManifest.xml:30:13-65
196-->src\main\AndroidManifest.xml:30:21-62
197
198                <category android:name="android.intent.category.DEFAULT" />
198-->src\main\AndroidManifest.xml:81:21-80
198-->src\main\AndroidManifest.xml:81:31-77
199                <category android:name="android.intent.category.BROWSABLE" />
199-->src\main\AndroidManifest.xml:157:17-77
199-->src\main\AndroidManifest.xml:157:27-75
200
201                <data
201-->src\main\AndroidManifest.xml:31:13-49
202                    android:host="widget"
202-->src\main\AndroidManifest.xml:159:21-52
203                    android:pathPrefix="/sync"
203-->src\main\AndroidManifest.xml:160:21-43
204                    android:scheme="shansmusic" />
204-->src\main\AndroidManifest.xml:31:19-46
205            </intent-filter>
206        </activity>
207
208        <receiver
208-->src\main\AndroidManifest.xml:222:9-232:20
209            android:name="com_shanmusic.com.NowPlayingWidgetProvider"
209-->src\main\AndroidManifest.xml:223:13-53
210            android:exported="true"
210-->src\main\AndroidManifest.xml:224:13-36
211            android:label="@string/widget_name" >
211-->src\main\AndroidManifest.xml:225:13-48
212            <intent-filter>
212-->src\main\AndroidManifest.xml:226:13-228:29
213                <action android:name="android.appwidget.action.APPWIDGET_UPDATE" />
213-->src\main\AndroidManifest.xml:227:17-84
213-->src\main\AndroidManifest.xml:227:25-81
214            </intent-filter>
215
216            <meta-data
216-->src\main\AndroidManifest.xml:229:13-231:67
217                android:name="android.appwidget.provider"
217-->src\main\AndroidManifest.xml:230:17-58
218                android:resource="@xml/now_playing_widget_info" />
218-->src\main\AndroidManifest.xml:231:17-64
219        </receiver>
220        <receiver
220-->src\main\AndroidManifest.xml:234:9-242:20
221            android:name="com_shanmusic.com.WidgetControlReceiver"
221-->src\main\AndroidManifest.xml:235:13-50
222            android:exported="false" >
222-->src\main\AndroidManifest.xml:236:13-37
223            <intent-filter>
223-->src\main\AndroidManifest.xml:237:13-241:29
224                <action android:name="com_shanmusic.com.WIDGET_TOGGLE" />
224-->src\main\AndroidManifest.xml:238:17-74
224-->src\main\AndroidManifest.xml:238:25-71
225                <action android:name="com_shanmusic.com.WIDGET_NEXT" />
225-->src\main\AndroidManifest.xml:239:17-72
225-->src\main\AndroidManifest.xml:239:25-69
226                <action android:name="com_shanmusic.com.WIDGET_PREV" />
226-->src\main\AndroidManifest.xml:240:17-72
226-->src\main\AndroidManifest.xml:240:25-69
227            </intent-filter>
228        </receiver>
229
230        <provider
230-->[androidx.emoji2:emoji2:1.3.0] AndroidManifest.xml:24:9-32:20
231            android:name="androidx.startup.InitializationProvider"
231-->[androidx.emoji2:emoji2:1.3.0] AndroidManifest.xml:25:13-67
232            android:authorities="com_shanmusic.com.androidx-startup"
232-->[androidx.emoji2:emoji2:1.3.0] AndroidManifest.xml:26:13-68
233            android:exported="false" >
233-->[androidx.emoji2:emoji2:1.3.0] AndroidManifest.xml:27:13-37
234            <meta-data
234-->[androidx.emoji2:emoji2:1.3.0] AndroidManifest.xml:29:13-31:52
235                android:name="androidx.emoji2.text.EmojiCompatInitializer"
235-->[androidx.emoji2:emoji2:1.3.0] AndroidManifest.xml:30:17-75
236                android:value="androidx.startup" />
236-->[androidx.emoji2:emoji2:1.3.0] AndroidManifest.xml:31:17-49
237            <meta-data
237-->[androidx.lifecycle:lifecycle-process:2.6.2] AndroidManifest.xml:29:13-31:52
238                android:name="androidx.lifecycle.ProcessLifecycleInitializer"
238-->[androidx.lifecycle:lifecycle-process:2.6.2] AndroidManifest.xml:30:17-78
239                android:value="androidx.startup" />
239-->[androidx.lifecycle:lifecycle-process:2.6.2] AndroidManifest.xml:31:17-49
240            <meta-data
240-->[androidx.profileinstaller:profileinstaller:1.3.1] AndroidManifest.xml:29:13-31:52
241                android:name="androidx.profileinstaller.ProfileInstallerInitializer"
241-->[androidx.profileinstaller:profileinstaller:1.3.1] AndroidManifest.xml:30:17-85
242                android:value="androidx.startup" />
242-->[androidx.profileinstaller:profileinstaller:1.3.1] AndroidManifest.xml:31:17-49
243        </provider>
244
245        <receiver
245-->[androidx.profileinstaller:profileinstaller:1.3.1] AndroidManifest.xml:34:9-52:20
246            android:name="androidx.profileinstaller.ProfileInstallReceiver"
246-->[androidx.profileinstaller:profileinstaller:1.3.1] AndroidManifest.xml:35:13-76
247            android:directBootAware="false"
247-->[androidx.profileinstaller:profileinstaller:1.3.1] AndroidManifest.xml:36:13-44
248            android:enabled="true"
248-->[androidx.profileinstaller:profileinstaller:1.3.1] AndroidManifest.xml:37:13-35
249            android:exported="true"
249-->[androidx.profileinstaller:profileinstaller:1.3.1] AndroidManifest.xml:38:13-36
250            android:permission="android.permission.DUMP" >
250-->[androidx.profileinstaller:profileinstaller:1.3.1] AndroidManifest.xml:39:13-57
251            <intent-filter>
251-->[androidx.profileinstaller:profileinstaller:1.3.1] AndroidManifest.xml:40:13-42:29
252                <action android:name="androidx.profileinstaller.action.INSTALL_PROFILE" />
252-->[androidx.profileinstaller:profileinstaller:1.3.1] AndroidManifest.xml:41:17-91
252-->[androidx.profileinstaller:profileinstaller:1.3.1] AndroidManifest.xml:41:25-88
253            </intent-filter>
254            <intent-filter>
254-->[androidx.profileinstaller:profileinstaller:1.3.1] AndroidManifest.xml:43:13-45:29
255                <action android:name="androidx.profileinstaller.action.SKIP_FILE" />
255-->[androidx.profileinstaller:profileinstaller:1.3.1] AndroidManifest.xml:44:17-85
255-->[androidx.profileinstaller:profileinstaller:1.3.1] AndroidManifest.xml:44:25-82
256            </intent-filter>
257            <intent-filter>
257-->[androidx.profileinstaller:profileinstaller:1.3.1] AndroidManifest.xml:46:13-48:29
258                <action android:name="androidx.profileinstaller.action.SAVE_PROFILE" />
258-->[androidx.profileinstaller:profileinstaller:1.3.1] AndroidManifest.xml:47:17-88
258-->[androidx.profileinstaller:profileinstaller:1.3.1] AndroidManifest.xml:47:25-85
259            </intent-filter>
260            <intent-filter>
260-->[androidx.profileinstaller:profileinstaller:1.3.1] AndroidManifest.xml:49:13-51:29
261                <action android:name="androidx.profileinstaller.action.BENCHMARK_OPERATION" />
261-->[androidx.profileinstaller:profileinstaller:1.3.1] AndroidManifest.xml:50:17-95
261-->[androidx.profileinstaller:profileinstaller:1.3.1] AndroidManifest.xml:50:25-92
262            </intent-filter>
263        </receiver>
264    </application>
265
266</manifest>